0 info it worked if it ends with ok
1 verbose cli [ 'C:\\Program Files\\nodejs\\node.exe',
1 verbose cli   'C:\\Program Files\\nodejs\\node_modules\\npm\\bin\\npm-cli.js',
1 verbose cli   'start' ]
2 info using npm@3.10.3
3 info using node@v6.7.0
4 verbose run-script [ 'prestart', 'start', 'poststart' ]
5 info lifecycle patientPortal@~prestart: patientPortal@
6 silly lifecycle patientPortal@~prestart: no script for prestart, continuing
7 info lifecycle patientPortal@~start: patientPortal@
8 verbose lifecycle patientPortal@~start: unsafe-perm in lifecycle true
9 verbose lifecycle patientPortal@~start: PATH: C:\Program Files\nodejs\node_modules\npm\bin\node-gyp-bin;C:\Training\FullStack\PatientPortal\node_modules\.bin;C:\Program Files\nodejs;C:\Users\sunkarp\AppData\Local\Programs\Git\cmd;C:\ProgramData\Oracle\Java\javapath;C:\Program Files\Common Files\Microsoft Shared\Windows Live;C:\Program Files (x86)\Common Files\Microsoft Shared\Windows Live;C:\WINDOWS\system32;C:\WINDOWS;C:\WINDOWS\System32\Wbem;C:\WINDOWS\System32\WindowsPowerShell\v1.0\;C:\WINDOWS\System32\WindowsPowerShell\v1.0\;C:\Program Files (x86)\QuickTime\QTSystem\;C:\Program Files\Dell\Dell Data Protection\Encryption\;C:\Program Files\Microsoft SQL Server\100\DTS\Binn\;C:\Program Files (x86)\Microsoft SQL Server\100\Tools\Binn\VSShell\Common7\IDE\;C:\Program Files (x86)\Microsoft SQL Server\100\Tools\Binn\;C:\Program Files\Microsoft SQL Server\100\Tools\Binn\;C:\Program Files (x86)\Microsoft Visual Studio 9.0\Common7\IDE\PrivateAssemblies\;C:\Program Files (x86)\Microsoft SQL Server\100\DTS\Binn\;C:\Program Files (x86)\Reflection\;C:\ProgramData\chocolatey\bin;C:\Program Files (x86)\Windows Live\Shared;C:\Program Files (x86)\ZANTAZ\EAS Outlook Addin\;C:\Program Files\nodejs\;C:\WINDOWS\System32\WindowsPowerShell\v1.0\;C:\Program Files (x86)\Hyland\Web ActiveX\;C:\Program Files (x86)\Skype\Phone\;C:\Program Files\MongoDB\Server\3.2\bin;C:\Python34\;C:\Python34\Scripts;C:\Program Files (x86)\Brackets\command;C:\Program Files\Git\cmd;C:\Users\sunkarp\AppData\Roaming\npm;C:\Users\sunkarp\AppData\Local\atom\bin;C:\Users\sunkarp\AppData\Local\Programs\Fiddler;C:\Users\sunkarp\AppData\Local\Programs\Git\cmd
10 verbose lifecycle patientPortal@~start: CWD: C:\Training\FullStack\PatientPortal
11 silly lifecycle patientPortal@~start: Args: [ '/d /s /c', 'node ./app/index.html' ]
12 silly lifecycle patientPortal@~start: Returned: code: 1  signal: null
13 info lifecycle patientPortal@~start: Failed to exec start script
14 verbose stack Error: patientPortal@ start: `node ./app/index.html`
14 verbose stack Exit status 1
14 verbose stack     at EventEmitter.<anonymous> (C:\Program Files\nodejs\node_modules\npm\lib\utils\lifecycle.js:242:16)
14 verbose stack     at emitTwo (events.js:106:13)
14 verbose stack     at EventEmitter.emit (events.js:191:7)
14 verbose stack     at ChildProcess.<anonymous> (C:\Program Files\nodejs\node_modules\npm\lib\utils\spawn.js:40:14)
14 verbose stack     at emitTwo (events.js:106:13)
14 verbose stack     at ChildProcess.emit (events.js:191:7)
14 verbose stack     at maybeClose (internal/child_process.js:877:16)
14 verbose stack     at Process.ChildProcess._handle.onexit (internal/child_process.js:226:5)
15 verbose pkgid patientPortal@
16 verbose cwd C:\Training\FullStack\PatientPortal
17 error Windows_NT 6.1.7601
18 error argv "C:\\Program Files\\nodejs\\node.exe" "C:\\Program Files\\nodejs\\node_modules\\npm\\bin\\npm-cli.js" "start"
19 error node v6.7.0
20 error npm  v3.10.3
21 error code ELIFECYCLE
22 error patientPortal@ start: `node ./app/index.html`
22 error Exit status 1
23 error Failed at the patientPortal@ start script 'node ./app/index.html'.
23 error Make sure you have the latest version of node.js and npm installed.
23 error If you do, this is most likely a problem with the patientPortal package,
23 error not with npm itself.
23 error Tell the author that this fails on your system:
23 error     node ./app/index.html
23 error You can get information on how to open an issue for this project with:
23 error     npm bugs patientPortal
23 error Or if that isn't available, you can get their info via:
23 error     npm owner ls patientPortal
23 error There is likely additional logging output above.
24 verbose exit [ 1, true ]
